Determining if the pthread_create exist failed with the following output:
Change Dir: /home/wilson/mbot_ws/build/CMakeFiles/CMakeTmp

Run Build Command:"/usr/bin/make" "cmTC_2104a/fast"
/usr/bin/make -f CMakeFiles/cmTC_2104a.dir/build.make CMakeFiles/cmTC_2104a.dir/build
make[1]: Entering directory '/home/wilson/mbot_ws/build/CMakeFiles/CMakeTmp'
Building C object CMakeFiles/cmTC_2104a.dir/CheckSymbolExists.c.o
/usr/bin/cc     -o CMakeFiles/cmTC_2104a.dir/CheckSymbolExists.c.o   -c /home/wilson/mbot_ws/build/CMakeFiles/CMakeTmp/CheckSymbolExists.c
Linking C executable cmTC_2104a
/usr/bin/cmake -E cmake_link_script CMakeFiles/cmTC_2104a.dir/link.txt --verbose=1
/usr/bin/cc       CMakeFiles/cmTC_2104a.dir/CheckSymbolExists.c.o  -o cmTC_2104a -rdynamic 
CMakeFiles/cmTC_2104a.dir/CheckSymbolExists.c.o: In function `main':
CheckSymbolExists.c:(.text+0x16): undefined reference to `pthread_create'
collect2: error: ld returned 1 exit status
CMakeFiles/cmTC_2104a.dir/build.make:97: recipe for target 'cmTC_2104a' failed
make[1]: *** [cmTC_2104a] Error 1
make[1]: Leaving directory '/home/wilson/mbot_ws/build/CMakeFiles/CMakeTmp'
Makefile:126: recipe for target 'cmTC_2104a/fast' failed
make: *** [cmTC_2104a/fast] Error 2

File /home/wilson/mbot_ws/build/CMakeFiles/CMakeTmp/CheckSymbolExists.c:
/* */
#include <pthread.h>

int main(int argc, char** argv)
{
  (void)argv;
#ifndef pthread_create
  return ((int*)(&pthread_create))[argc];
#else
  (void)argc;
  return 0;
#endif
}

Determining if the function pthread_create exists in the pthreads failed with the following output:
Change Dir: /home/wilson/mbot_ws/build/CMakeFiles/CMakeTmp

Run Build Command:"/usr/bin/make" "cmTC_333ca/fast"
/usr/bin/make -f CMakeFiles/cmTC_333ca.dir/build.make CMakeFiles/cmTC_333ca.dir/build
make[1]: Entering directory '/home/wilson/mbot_ws/build/CMakeFiles/CMakeTmp'
Building C object CMakeFiles/cmTC_333ca.dir/CheckFunctionExists.c.o
/usr/bin/cc    -DCHECK_FUNCTION_EXISTS=pthread_create   -o CMakeFiles/cmTC_333ca.dir/CheckFunctionExists.c.o   -c /usr/share/cmake-3.5/Modules/CheckFunctionExists.c
Linking C executable cmTC_333ca
/usr/bin/cmake -E cmake_link_script CMakeFiles/cmTC_333ca.dir/link.txt --verbose=1
/usr/bin/cc   -DCHECK_FUNCTION_EXISTS=pthread_create    CMakeFiles/cmTC_333ca.dir/CheckFunctionExists.c.o  -o cmTC_333ca -rdynamic -lpthreads 
/usr/bin/ld: cannot find -lpthreads
collect2: error: ld returned 1 exit status
CMakeFiles/cmTC_333ca.dir/build.make:97: recipe for target 'cmTC_333ca' failed
make[1]: *** [cmTC_333ca] Error 1
make[1]: Leaving directory '/home/wilson/mbot_ws/build/CMakeFiles/CMakeTmp'
Makefile:126: recipe for target 'cmTC_333ca/fast' failed
make: *** [cmTC_333ca/fast] Error 2


